<?xml version="1.0" encoding="utf-8"?><testsuites><testsuite name="pytest" errors="0" failures="0" skipped="0" tests="8" time="25.560" timestamp="2023-09-22T21:42:08.286062" hostname="baymax"><testcase classname="tests.test_consensus" name="test_resample[0.1]" time="0.001" /><testcase classname="tests.test_consensus" name="test_resample[0.5]" time="0.001" /><testcase classname="tests.test_consensus" name="test_resample[0.9]" time="0.001" /><testcase classname="tests.test_consensus" name="test_connectivity_matrix" time="0.001" /><testcase classname="tests.test_consensus" name="test_compute_identity_matrix" time="0.001" /><testcase classname="tests.test_consensus" name="test_computer_consensus_matrix" time="0.001" /><testcase classname="tests.test_consensus" name="test_consensus_cluster_uniform" time="12.403" /><testcase classname="tests.test_consensus" name="test_consensus_cluster_gaussian" time="12.449" /></testsuite></testsuites>
